<?xml version="1.0" encoding="UTF-8"?>
<!-- Generated by org.testng.reporters.JUnitReportReporter -->
<testsuite hostname="RSK" failures="0" tests="1" name="testNG.Windowhandler" time="4.076" errors="0" timestamp="2024-09-24T10:04:44 GST" skipped="0">
  <testcase classname="testNG.Windowhandler" name="test" time="4.076"/>
  <system-out/>
</testsuite> <!-- testNG.Windowhandler -->
