<?xml version="1.0" encoding="UTF-8"?>
<!-- Generated by org.testng.reporters.JUnitReportReporter -->
<testsuite hostname="RSK" failures="0" tests="7" name="testNG.Testngdemo" time="0.019" errors="0" timestamp="2024-09-05T11:00:58 GST" skipped="1">
  <testcase classname="testNG.Testngdemo" name="test5" time="0.010"/>
  <system-out/>
  <testcase classname="testNG.Testngdemo" name="test3" time="0.002"/>
  <system-out/>
  <testcase classname="testNG.Testngdemo" name="test2" time="0.001"/>
  <system-out/>
  <testcase classname="testNG.Testngdemo" name="test1" time="0.002"/>
  <system-out/>
  <testcase classname="testNG.Testngdemo" name="test1" time="0.002"/>
  <system-out/>
  <testcase classname="testNG.Testngdemo" name="test1" time="0.002"/>
  <system-out/>
  <testcase classname="testNG.Testngdemo" name="test4">
    <skipped/>
  </testcase> <!-- test4 -->
  <system-out/>
</testsuite> <!-- testNG.Testngdemo -->
