<?xml version="1.0" encoding="UTF-8"?>
<!-- Generated by org.testng.reporters.JUnitReportReporter -->
<testsuite hostname="RSK" failures="0" tests="1" name="testNG.fileuploaddemo" time="0.221" errors="0" timestamp="2024-09-18T10:25:47 GST" skipped="0">
  <testcase classname="testNG.fileuploaddemo" name="test" time="0.221"/>
  <system-out/>
</testsuite> <!-- testNG.fileuploaddemo -->
