<?xml version="1.0" encoding="UTF-8"?>
<!-- Generated by org.testng.reporters.JUnitReportReporter -->
<testsuite hostname="RSK" failures="0" tests="1" name="testNG.Parameter" time="0.017" errors="0" timestamp="2024-09-06T10:12:31 GST" skipped="0">
  <testcase classname="testNG.Parameter" name="parameter" time="0.017"/>
  <system-out/>
</testsuite> <!-- testNG.Parameter -->
