<?xml version="1.0" encoding="UTF-8"?>
<!-- Generated by org.testng.reporters.JUnitReportReporter -->
<testsuite hostname="RSK" failures="0" tests="3" name="testNG.Crossbrowser" time="7.197" errors="0" timestamp="2024-09-10T10:21:59 GST" skipped="0">
  <testcase classname="testNG.Crossbrowser" name="test" time="2.697"/>
  <system-out/>
  <testcase classname="testNG.Crossbrowser" name="test" time="2.092"/>
  <system-out/>
  <testcase classname="testNG.Crossbrowser" name="test" time="2.408"/>
  <system-out/>
</testsuite> <!-- testNG.Crossbrowser -->
