<?xml version="1.0" encoding="UTF-8"?>
<!-- Generated by org.testng.reporters.JUnitReportReporter -->
<testsuite hostname="RSK" failures="0" tests="3" name="testNG.Rediff" time="4.664" errors="0" timestamp="2024-09-06T11:27:14 GST" skipped="0">
  <testcase classname="testNG.Rediff" name="radiobutton" time="0.763"/>
  <system-out/>
  <testcase classname="testNG.Rediff" name="createbutton" time="2.880"/>
  <system-out/>
  <testcase classname="testNG.Rediff" name="logo" time="1.021"/>
  <system-out/>
</testsuite> <!-- testNG.Rediff -->
