<?xml version="1.0" encoding="UTF-8"?>
<!-- Generated by org.testng.reporters.JUnitReportReporter -->
<testsuite hostname="RSK" failures="0" tests="1" name="testNG.Demosite" time="0.471" errors="0" timestamp="2024-09-09T23:11:40 GST" skipped="0">
  <testcase classname="testNG.Demosite" name="test" time="0.471"/>
  <system-out/>
</testsuite> <!-- testNG.Demosite -->
