<?xml version="1.0" encoding="UTF-8"?>
<!-- Generated by org.testng.reporters.JUnitReportReporter -->
<testsuite hostname="RSK" failures="0" tests="1" name="testNG.Copypaste" time="0.543" errors="0" timestamp="2024-09-09T22:16:50 GST" skipped="0">
  <testcase classname="testNG.Copypaste" name="test" time="0.543"/>
  <system-out/>
</testsuite> <!-- testNG.Copypaste -->
