<?xml version="1.0" encoding="UTF-8"?>
<!-- Generated by org.testng.reporters.JUnitReportReporter -->
<testsuite hostname="RSK" failures="0" tests="1" name="testNG.Fblogin" time="0.321" errors="0" timestamp="2024-09-06T10:44:59 GST" skipped="0">
  <testcase classname="testNG.Fblogin" name="test" time="0.321"/>
  <system-out/>
</testsuite> <!-- testNG.Fblogin -->
