<?xml version="1.0" encoding="UTF-8"?>
<!-- Generated by org.testng.reporters.JUnitReportReporter -->
<testsuite hostname="RSK" failures="0" tests="1" name="testNG.Amazonwindowhandle" time="8.532" errors="0" timestamp="2024-09-24T11:20:30 GST" skipped="0">
  <testcase classname="testNG.Amazonwindowhandle" name="test" time="8.532"/>
  <system-out/>
</testsuite> <!-- testNG.Amazonwindowhandle -->
