<?xml version="1.0" encoding="UTF-8"?>
<!-- Generated by org.testng.reporters.JUnitReportReporter -->
<testsuite hostname="RSK" failures="0" tests="1" name="testNG.Datepicker" time="0.893" errors="0" timestamp="2024-09-20T10:37:56 GST" skipped="0">
  <testcase classname="testNG.Datepicker" name="test" time="0.893"/>
  <system-out/>
</testsuite> <!-- testNG.Datepicker -->
