<?xml version="1.0" encoding="UTF-8"?>
<!-- Generated by org.testng.reporters.JUnitReportReporter -->
<testsuite hostname="RSK" failures="0" tests="1" name="testpkg.fbcreatetest" time="3.586" errors="0" timestamp="2024-09-25T11:32:57 GST" skipped="0">
  <testcase classname="testpkg.fbcreatetest" name="createpagetest" time="3.586"/>
  <system-out/>
</testsuite> <!-- testpkg.fbcreatetest -->
