<?xml version="1.0" encoding="UTF-8"?>
<!-- Generated by org.testng.reporters.JUnitReportReporter -->
<testsuite hostname="RSK" failures="0" tests="1" name="testNG.Dropdownprint" time="2.865" errors="0" timestamp="2024-09-19T07:56:37 GST" skipped="0">
  <testcase classname="testNG.Dropdownprint" name="test" time="2.865"/>
  <system-out/>
</testsuite> <!-- testNG.Dropdownprint -->
