<?xml version="1.0" encoding="UTF-8"?>
<!-- Generated by org.testng.reporters.JUnitReportReporter -->
<testsuite hostname="RSK" failures="0" tests="1" name="testNG.Ebay" time="3.756" errors="0" timestamp="2024-09-10T00:11:20 GST" skipped="0">
  <testcase classname="testNG.Ebay" name="test" time="3.756"/>
  <system-out/>
</testsuite> <!-- testNG.Ebay -->
