<?xml version="1.0" encoding="UTF-8"?>
<!-- Generated by org.testng.reporters.JUnitReportReporter -->
<testsuite hostname="RSK" failures="0" tests="1" name="testNG.reddiffbutton" time="0.048" errors="0" timestamp="2024-09-10T11:24:19 GST" skipped="0">
  <testcase classname="testNG.reddiffbutton" name="text" time="0.048"/>
  <system-out/>
</testsuite> <!-- testNG.reddiffbutton -->
