<?xml version="1.0" encoding="UTF-8"?>
<!-- Generated by org.testng.reporters.JUnitReportReporter -->
<testsuite hostname="RSK" failures="0" tests="1" name="testNG.FileUploadAutoit" time="7.407" errors="0" timestamp="2024-09-19T10:58:48 GST" skipped="0">
  <testcase classname="testNG.FileUploadAutoit" name="test" time="7.407"/>
  <system-out/>
</testsuite> <!-- testNG.FileUploadAutoit -->
